/usr/bin/ruby2.1 extconf.rb 
checking for ffi_call() in -lffi... yes
checking for ffi_prep_closure()... yes
checking for ffi_raw_call()... yes
checking for ffi_prep_raw_closure()... yes
checking for rb_thread_blocking_region()... yes
checking for rb_thread_call_with_gvl()... yes
checking for rb_thread_call_without_gvl()... yes
checking for ffi_prep_cif_var()... yes
creating extconf.h
creating Makefile

make "DESTDIR=" clean

make "DESTDIR="
compiling Types.c
compiling DataConverter.c
compiling Struct.c
compiling ArrayType.c
compiling Variadic.c
compiling DynamicLibrary.c
compiling ClosurePool.c
compiling FunctionInfo.c
compiling Type.c
compiling Thread.c
compiling MappedType.c
compiling ffi.c
compiling StructLayout.c
compiling Call.c
compiling Platform.c
compiling AbstractMemory.c
compiling Buffer.c
compiling MethodHandle.c
compiling Pointer.c
compiling Function.c
compiling LastError.c
compiling StructByReference.c
compiling LongDouble.c
compiling MemoryPointer.c
compiling StructByValue.c
linking shared-object ffi_c.so

make "DESTDIR=" install
/usr/bin/install -c -m 0755 ffi_c.so ./.gem.20141122-27246-1p145px
installing default ffi_c libraries
